<?xml version="1.0" encoding="UTF-8"?>
<!-- Generated by org.testng.reporters.JUnitXMLReporter -->
<testsuite ignored="0" hostname="DESKTOP-TIC5DM4" failures="1" tests="1" name="Test" time="0.634" errors="0" timestamp="2024-08-31T16:59:26 IST">
  <testcase classname="io.cucumber.testng.AbstractTestNGCucumberTests" name="runScenario" time="0.221">
    <failure type="java.lang.NullPointerException" message="Cannot invoke &amp;quot;com.relevantcodes.extentreports.ExtentReports.startTest(String)&amp;quot; because &amp;quot;com.App.Utilities.reportgenerator.extent&amp;quot; is null">
      <![CDATA[java.lang.NullPointerException: Cannot invoke "com.relevantcodes.extentreports.ExtentReports.startTest(String)" because "com.App.Utilities.reportgenerator.extent" is null
at com.App.Utilities.reportgenerator.startTest(reportgenerator.java:18)
at com.App.PageTestCases.IconspageTestcase.i_am_on_the_mainpage(IconspageTestcase.java:20)
at ✽.I am on the mainpage(file:///C:/Users/Administrator/Desktop/Wipro%20%20Java%20Programs/CapstoneProject-4-JpetstoreDemo/src/test/resources/features/Icon.feature:4)
]]>
    </failure>
  </testcase> <!-- runScenario -->
</testsuite> <!-- Test -->
