<?xml version="1.0" encoding="UTF-8"?>
<testng-results ignored="0" total="17" passed="17" failed="0" skipped="0">
  <reporter-output>
  </reporter-output>
  <suite started-at="2024-09-02T01:32:09 IST" name="Suite" finished-at="2024-09-02T01:35:22 IST" duration-ms="193199">
    <groups>
      <group name="cucumber">
        <method signature="AbstractTestNGCucumberTests.runScenario(io.cucumber.testng.PickleWrapper, io.cucumber.testng.FeatureWrapper)[pri:0, instance:com.App.PageTestCases.testrunner@25a65b77]" name="runScenario" class="io.cucumber.testng.AbstractTestNGCucumberTests"/>
      </group> <!-- cucumber -->
    </groups>
    <test started-at="2024-09-02T01:32:09 IST" name="Test" finished-at="2024-09-02T01:35:22 IST" duration-ms="193199">
      <class name="com.App.PageTestCases.testrunner">
        <test-method is-config="true" signature="setUpClass()[pri:0, instance:com.App.PageTestCases.testrunner@25a65b77]" started-at="2024-09-02T01:32:09 IST" name="setUpClass" finished-at="2024-09-02T01:32:09 IST" duration-ms="383" status="PASS">
          <reporter-output>
          </reporter-output>
        </test-method> <!-- setUpClass -->
        <test-method signature="runScenario(io.cucumber.testng.PickleWrapper, io.cucumber.testng.FeatureWrapper)[pri:0, instance:com.App.PageTestCases.testrunner@25a65b77]" started-at="2024-09-02T01:32:09 IST" name="runScenario" description="Runs Cucumber Scenarios" data-provider="scenarios" finished-at="2024-09-02T01:32:19 IST" duration-ms="9258" status="PASS">
          <params>
            <param index="0">
              <value>
                <![CDATA["Add a single product to cart"]]>
              </value>
            </param>
            <param index="1">
              <value>
                <![CDATA["Optional[Adding product to the cart]"]]>
              </value>
            </param>
          </params>
          <reporter-output>
          </reporter-output>
        </test-method> <!-- runScenario -->
        <test-method signature="runScenario(io.cucumber.testng.PickleWrapper, io.cucumber.testng.FeatureWrapper)[pri:0, instance:com.App.PageTestCases.testrunner@25a65b77]" started-at="2024-09-02T01:32:19 IST" name="runScenario" description="Runs Cucumber Scenarios" data-provider="scenarios" finished-at="2024-09-02T01:32:39 IST" duration-ms="20185" status="PASS">
          <params>
            <param index="0">
              <value>
                <![CDATA["I can add a multiple products to cart"]]>
              </value>
            </param>
            <param index="1">
              <value>
                <![CDATA["Optional[Adding multiple products to cart]"]]>
              </value>
            </param>
          </params>
          <reporter-output>
          </reporter-output>
        </test-method> <!-- runScenario -->
        <test-method signature="runScenario(io.cucumber.testng.PickleWrapper, io.cucumber.testng.FeatureWrapper)[pri:0, instance:com.App.PageTestCases.testrunner@25a65b77]" started-at="2024-09-02T01:32:39 IST" name="runScenario" description="Runs Cucumber Scenarios" data-provider="scenarios" finished-at="2024-09-02T01:32:54 IST" duration-ms="15350" status="PASS">
          <params>
            <param index="0">
              <value>
                <![CDATA["User enters the appilication"]]>
              </value>
            </param>
            <param index="1">
              <value>
                <![CDATA["Optional[Testing HOME page]"]]>
              </value>
            </param>
          </params>
          <reporter-output>
          </reporter-output>
        </test-method> <!-- runScenario -->
        <test-method signature="runScenario(io.cucumber.testng.PickleWrapper, io.cucumber.testng.FeatureWrapper)[pri:0, instance:com.App.PageTestCases.testrunner@25a65b77]" started-at="2024-09-02T01:32:54 IST" name="runScenario" description="Runs Cucumber Scenarios" data-provider="scenarios" finished-at="2024-09-02T01:33:07 IST" duration-ms="13024" status="PASS">
          <params>
            <param index="0">
              <value>
                <![CDATA["Verify the presence and functionality of Fish icon"]]>
              </value>
            </param>
            <param index="1">
              <value>
                <![CDATA["Optional[Icons]"]]>
              </value>
            </param>
          </params>
          <reporter-output>
          </reporter-output>
        </test-method> <!-- runScenario -->
        <test-method signature="runScenario(io.cucumber.testng.PickleWrapper, io.cucumber.testng.FeatureWrapper)[pri:0, instance:com.App.PageTestCases.testrunner@25a65b77]" started-at="2024-09-02T01:33:07 IST" name="runScenario" description="Runs Cucumber Scenarios" data-provider="scenarios" finished-at="2024-09-02T01:33:20 IST" duration-ms="13168" status="PASS">
          <params>
            <param index="0">
              <value>
                <![CDATA["Verify the presence and functionality of Dogs icon"]]>
              </value>
            </param>
            <param index="1">
              <value>
                <![CDATA["Optional[Icons]"]]>
              </value>
            </param>
          </params>
          <reporter-output>
          </reporter-output>
        </test-method> <!-- runScenario -->
        <test-method signature="runScenario(io.cucumber.testng.PickleWrapper, io.cucumber.testng.FeatureWrapper)[pri:0, instance:com.App.PageTestCases.testrunner@25a65b77]" started-at="2024-09-02T01:33:20 IST" name="runScenario" description="Runs Cucumber Scenarios" data-provider="scenarios" finished-at="2024-09-02T01:33:34 IST" duration-ms="13314" status="PASS">
          <params>
            <param index="0">
              <value>
                <![CDATA["Verify the presence and functionality of Cats icon"]]>
              </value>
            </param>
            <param index="1">
              <value>
                <![CDATA["Optional[Icons]"]]>
              </value>
            </param>
          </params>
          <reporter-output>
          </reporter-output>
        </test-method> <!-- runScenario -->
        <test-method signature="runScenario(io.cucumber.testng.PickleWrapper, io.cucumber.testng.FeatureWrapper)[pri:0, instance:com.App.PageTestCases.testrunner@25a65b77]" started-at="2024-09-02T01:33:34 IST" name="runScenario" description="Runs Cucumber Scenarios" data-provider="scenarios" finished-at="2024-09-02T01:33:47 IST" duration-ms="13303" status="PASS">
          <params>
            <param index="0">
              <value>
                <![CDATA["Verify the presence and functionality of Reptiles icon"]]>
              </value>
            </param>
            <param index="1">
              <value>
                <![CDATA["Optional[Icons]"]]>
              </value>
            </param>
          </params>
          <reporter-output>
          </reporter-output>
        </test-method> <!-- runScenario -->
        <test-method signature="runScenario(io.cucumber.testng.PickleWrapper, io.cucumber.testng.FeatureWrapper)[pri:0, instance:com.App.PageTestCases.testrunner@25a65b77]" started-at="2024-09-02T01:33:47 IST" name="runScenario" description="Runs Cucumber Scenarios" data-provider="scenarios" finished-at="2024-09-02T01:34:00 IST" duration-ms="13212" status="PASS">
          <params>
            <param index="0">
              <value>
                <![CDATA["Verify the presence and functionality of Birds icon"]]>
              </value>
            </param>
            <param index="1">
              <value>
                <![CDATA["Optional[Icons]"]]>
              </value>
            </param>
          </params>
          <reporter-output>
          </reporter-output>
        </test-method> <!-- runScenario -->
        <test-method signature="runScenario(io.cucumber.testng.PickleWrapper, io.cucumber.testng.FeatureWrapper)[pri:0, instance:com.App.PageTestCases.testrunner@25a65b77]" started-at="2024-09-02T01:34:00 IST" name="runScenario" description="Runs Cucumber Scenarios" data-provider="scenarios" finished-at="2024-09-02T01:34:08 IST" duration-ms="7568" status="PASS">
          <params>
            <param index="0">
              <value>
                <![CDATA["Successful Login"]]>
              </value>
            </param>
            <param index="1">
              <value>
                <![CDATA["Optional[Login page]"]]>
              </value>
            </param>
          </params>
          <reporter-output>
          </reporter-output>
        </test-method> <!-- runScenario -->
        <test-method signature="runScenario(io.cucumber.testng.PickleWrapper, io.cucumber.testng.FeatureWrapper)[pri:0, instance:com.App.PageTestCases.testrunner@25a65b77]" started-at="2024-09-02T01:34:08 IST" name="runScenario" description="Runs Cucumber Scenarios" data-provider="scenarios" finished-at="2024-09-02T01:34:16 IST" duration-ms="7845" status="PASS">
          <params>
            <param index="0">
              <value>
                <![CDATA["Invalid login"]]>
              </value>
            </param>
            <param index="1">
              <value>
                <![CDATA["Optional[Login page]"]]>
              </value>
            </param>
          </params>
          <reporter-output>
          </reporter-output>
        </test-method> <!-- runScenario -->
        <test-method signature="runScenario(io.cucumber.testng.PickleWrapper, io.cucumber.testng.FeatureWrapper)[pri:0, instance:com.App.PageTestCases.testrunner@25a65b77]" started-at="2024-09-02T01:34:16 IST" name="runScenario" description="Runs Cucumber Scenarios" data-provider="scenarios" finished-at="2024-09-02T01:34:24 IST" duration-ms="8653" status="PASS">
          <params>
            <param index="0">
              <value>
                <![CDATA["I can search for products"]]>
              </value>
            </param>
            <param index="1">
              <value>
                <![CDATA["Optional[Search a product]"]]>
              </value>
            </param>
          </params>
          <reporter-output>
          </reporter-output>
        </test-method> <!-- runScenario -->
        <test-method signature="runScenario(io.cucumber.testng.PickleWrapper, io.cucumber.testng.FeatureWrapper)[pri:0, instance:com.App.PageTestCases.testrunner@25a65b77]" started-at="2024-09-02T01:34:24 IST" name="runScenario" description="Runs Cucumber Scenarios" data-provider="scenarios" finished-at="2024-09-02T01:34:33 IST" duration-ms="8285" status="PASS">
          <params>
            <param index="0">
              <value>
                <![CDATA["Search without entering a product"]]>
              </value>
            </param>
            <param index="1">
              <value>
                <![CDATA["Optional[Search a product]"]]>
              </value>
            </param>
          </params>
          <reporter-output>
          </reporter-output>
        </test-method> <!-- runScenario -->
        <test-method signature="runScenario(io.cucumber.testng.PickleWrapper, io.cucumber.testng.FeatureWrapper)[pri:0, instance:com.App.PageTestCases.testrunner@25a65b77]" started-at="2024-09-02T01:34:33 IST" name="runScenario" description="Runs Cucumber Scenarios" data-provider="scenarios" finished-at="2024-09-02T01:34:48 IST" duration-ms="14967" status="PASS">
          <params>
            <param index="0">
              <value>
                <![CDATA["registering with details"]]>
              </value>
            </param>
            <param index="1">
              <value>
                <![CDATA["Optional[User registration]"]]>
              </value>
            </param>
          </params>
          <reporter-output>
          </reporter-output>
        </test-method> <!-- runScenario -->
        <test-method signature="runScenario(io.cucumber.testng.PickleWrapper, io.cucumber.testng.FeatureWrapper)[pri:0, instance:com.App.PageTestCases.testrunner@25a65b77]" started-at="2024-09-02T01:34:48 IST" name="runScenario" description="Runs Cucumber Scenarios" data-provider="scenarios" finished-at="2024-09-02T01:34:56 IST" duration-ms="8535" status="PASS">
          <params>
            <param index="0">
              <value>
                <![CDATA["registering with missing details"]]>
              </value>
            </param>
            <param index="1">
              <value>
                <![CDATA["Optional[User registration]"]]>
              </value>
            </param>
          </params>
          <reporter-output>
          </reporter-output>
        </test-method> <!-- runScenario -->
        <test-method signature="runScenario(io.cucumber.testng.PickleWrapper, io.cucumber.testng.FeatureWrapper)[pri:0, instance:com.App.PageTestCases.testrunner@25a65b77]" started-at="2024-09-02T01:34:56 IST" name="runScenario" description="Runs Cucumber Scenarios" data-provider="scenarios" finished-at="2024-09-02T01:35:05 IST" duration-ms="8963" status="PASS">
          <params>
            <param index="0">
              <value>
                <![CDATA["Change the quantity of the product"]]>
              </value>
            </param>
            <param index="1">
              <value>
                <![CDATA["Optional[Shopping cart]"]]>
              </value>
            </param>
          </params>
          <reporter-output>
          </reporter-output>
        </test-method> <!-- runScenario -->
        <test-method signature="runScenario(io.cucumber.testng.PickleWrapper, io.cucumber.testng.FeatureWrapper)[pri:0, instance:com.App.PageTestCases.testrunner@25a65b77]" started-at="2024-09-02T01:35:05 IST" name="runScenario" description="Runs Cucumber Scenarios" data-provider="scenarios" finished-at="2024-09-02T01:35:14 IST" duration-ms="8492" status="PASS">
          <params>
            <param index="0">
              <value>
                <![CDATA["Remove the product from shopping cart"]]>
              </value>
            </param>
            <param index="1">
              <value>
                <![CDATA["Optional[Shopping cart]"]]>
              </value>
            </param>
          </params>
          <reporter-output>
          </reporter-output>
        </test-method> <!-- runScenario -->
        <test-method signature="runScenario(io.cucumber.testng.PickleWrapper, io.cucumber.testng.FeatureWrapper)[pri:0, instance:com.App.PageTestCases.testrunner@25a65b77]" started-at="2024-09-02T01:35:14 IST" name="runScenario" description="Runs Cucumber Scenarios" data-provider="scenarios" finished-at="2024-09-02T01:35:22 IST" duration-ms="8634" status="PASS">
          <params>
            <param index="0">
              <value>
                <![CDATA["Sign In"]]>
              </value>
            </param>
            <param index="1">
              <value>
                <![CDATA["Optional[signin page testing]"]]>
              </value>
            </param>
          </params>
          <reporter-output>
          </reporter-output>
        </test-method> <!-- runScenario -->
        <test-method is-config="true" signature="tearDownClass()[pri:0, instance:com.App.PageTestCases.testrunner@25a65b77]" started-at="2024-09-02T01:35:22 IST" name="tearDownClass" finished-at="2024-09-02T01:35:22 IST" duration-ms="5" status="PASS">
          <reporter-output>
          </reporter-output>
        </test-method> <!-- tearDownClass -->
      </class> <!-- com.App.PageTestCases.testrunner -->
    </test> <!-- Test -->
  </suite> <!-- Suite -->
</testng-results>
