<?xml version="1.0" encoding="UTF-8"?>
<testng-results ignored="0" total="1" passed="0" failed="1" skipped="0">
  <reporter-output>
  </reporter-output>
  <suite started-at="2024-08-31T16:59:25 IST" name="Suite" finished-at="2024-08-31T16:59:26 IST" duration-ms="634">
    <groups>
      <group name="cucumber">
        <method signature="AbstractTestNGCucumberTests.runScenario(io.cucumber.testng.PickleWrapper, io.cucumber.testng.FeatureWrapper)[pri:0, instance:com.App.PageTestCases.testrunner@1ddf84b8]" name="runScenario" class="io.cucumber.testng.AbstractTestNGCucumberTests"/>
      </group> <!-- cucumber -->
    </groups>
    <test started-at="2024-08-31T16:59:25 IST" name="Test" finished-at="2024-08-31T16:59:26 IST" duration-ms="634">
      <class name="com.App.PageTestCases.testrunner">
        <test-method is-config="true" signature="setUpClass()[pri:0, instance:com.App.PageTestCases.testrunner@1ddf84b8]" started-at="2024-08-31T16:59:25 IST" name="setUpClass" finished-at="2024-08-31T16:59:26 IST" duration-ms="354" status="PASS">
          <reporter-output>
          </reporter-output>
        </test-method> <!-- setUpClass -->
        <test-method signature="runScenario(io.cucumber.testng.PickleWrapper, io.cucumber.testng.FeatureWrapper)[pri:0, instance:com.App.PageTestCases.testrunner@1ddf84b8]" started-at="2024-08-31T16:59:26 IST" name="runScenario" description="Runs Cucumber Scenarios" data-provider="scenarios" finished-at="2024-08-31T16:59:26 IST" duration-ms="221" status="FAIL">
          <params>
            <param index="0">
              <value>
                <![CDATA["Verify the presence and functionality of Fish icon"]]>
              </value>
            </param>
            <param index="1">
              <value>
                <![CDATA["Optional[Icons]"]]>
              </value>
            </param>
          </params>
          <exception class="java.lang.NullPointerException">
            <message>
              <![CDATA[Cannot invoke "com.relevantcodes.extentreports.ExtentReports.startTest(String)" because "com.App.Utilities.reportgenerator.extent" is null]]>
            </message>
            <full-stacktrace>
              <![CDATA[java.lang.NullPointerException: Cannot invoke "com.relevantcodes.extentreports.ExtentReports.startTest(String)" because "com.App.Utilities.reportgenerator.extent" is null
at com.App.Utilities.reportgenerator.startTest(reportgenerator.java:18)
at com.App.PageTestCases.IconspageTestcase.i_am_on_the_mainpage(IconspageTestcase.java:20)
at ✽.I am on the mainpage(file:///C:/Users/Administrator/Desktop/Wipro%20%20Java%20Programs/CapstoneProject-4-JpetstoreDemo/src/test/resources/features/Icon.feature:4)
]]>
            </full-stacktrace>
          </exception> <!-- java.lang.NullPointerException -->
          <reporter-output>
          </reporter-output>
        </test-method> <!-- runScenario -->
        <test-method is-config="true" signature="tearDownClass()[pri:0, instance:com.App.PageTestCases.testrunner@1ddf84b8]" started-at="2024-08-31T16:59:26 IST" name="tearDownClass" finished-at="2024-08-31T16:59:26 IST" duration-ms="4" status="PASS">
          <reporter-output>
          </reporter-output>
        </test-method> <!-- tearDownClass -->
      </class> <!-- com.App.PageTestCases.testrunner -->
    </test> <!-- Test -->
  </suite> <!-- Suite -->
</testng-results>
