<?xml version="1.0" encoding="UTF-8"?>
<!-- Generated by org.testng.reporters.JUnitReportReporter -->
<testsuite hostname="DESKTOP-TIC5DM4" failures="0" tests="1" name="com.App.PageTestCases.testrunner" time="0.221" errors="1" timestamp="2024-08-31T16:59:26 IST" skipped="0">
  <testcase classname="com.App.PageTestCases.testrunner" name="runScenario" time="0.221">
    <error message="Cannot invoke &quot;com.relevantcodes.extentreports.ExtentReports.startTest(String)&quot; because &quot;com.App.Utilities.reportgenerator.extent&quot; is null" type="java.lang.NullPointerException">
      <![CDATA[java.lang.NullPointerException: Cannot invoke "com.relevantcodes.extentreports.ExtentReports.startTest(String)" because "com.App.Utilities.reportgenerator.extent" is null
at com.App.Utilities.reportgenerator.startTest(reportgenerator.java:18)
at com.App.PageTestCases.IconspageTestcase.i_am_on_the_mainpage(IconspageTestcase.java:20)
at ✽.I am on the mainpage(file:///C:/Users/Administrator/Desktop/Wipro%20%20Java%20Programs/CapstoneProject-4-JpetstoreDemo/src/test/resources/features/Icon.feature:4)
]]>
    </error>
  </testcase> <!-- runScenario -->
  <system-out/>
</testsuite> <!-- com.App.PageTestCases.testrunner -->
